<?xml version="1.0" encoding="UTF-8"?>
<testsuite name="no.pasientreiser.pro.tester.TilknytteTest" tests="1" skipped="0" failures="0" errors="0" timestamp="2020-11-03T11:02:24" hostname="aksel-pc" time="8.45">
  <properties/>
  <testcase name="Kan tilknytte mange på rad" classname="no.pasientreiser.pro.tester.TilknytteTest" time="8.45"/>
  <system-out><![CDATA[]]></system-out>
  <system-err><![CDATA[Starting ChromeDriver 84.0.4147.30 (48b3e868b4cc0aa7e8149519690b6f6949e110a8-refs/branch-heads/4147@{#310}) on port 31267
Only local connections are allowed.
Please see https://chromedriver.chromium.org/security-considerations for suggestions on keeping ChromeDriver safe.
ChromeDriver was started successfully.
Nov 03, 2020 12:02:24 PM org.openqa.selenium.remote.ProtocolHandshake createSession
INFO: Detected dialect: W3C
]]></system-err>
</testsuite>
